[    0.000000] Initializing cgroup subsys cpuset
[    0.000000] Initializing cgroup subsys cpu
[    0.000000] Initializing cgroup subsys cpuacct
[    0.000000] Linux version 4.4.0-77-generic (buildd@lgw01-59) (gcc version 5.4.0 20160609 (Ubuntu 5.4.0-6ubuntu1~16.04.4) ) #98-Ubuntu SMP Wed Apr 26 08:34:02 UTC 2017 (Ubuntu 4.4.0-77.98-generic 4.4.59)
[    0.000000] Command line: BOOT_IMAGE=/boot/vmlinuz-4.4.0-77-generic root=LABEL=cloudimg-rootfs ro console=tty1 console=ttyS0
[    0.000000] KERNEL supported cpus:
[    0.000000]   Intel GenuineIntel
[    0.000000]   AMD AuthenticAMD
[    0.000000]   Centaur CentaurHauls
[    0.000000] x86/fpu: xstate_offset[2]:  576, xstate_sizes[2]:  256
[    0.000000] x86/fpu: Supporting XSAVE feature 0x01: 'x87 floating point registers'
[    0.000000] x86/fpu: Supporting XSAVE feature 0x02: 'SSE registers'
[    0.000000] x86/fpu: Supporting XSAVE feature 0x04: 'AVX registers'
[    0.000000] x86/fpu: Enabled xstate features 0x7, context size is 832 bytes, using 'standard' format.
[    0.000000] x86/fpu: Using 'lazy' FPU context switches.
[    0.000000] e820: BIOS-provided physical RAM map:
[    0.000000] BIOS-e820: [mem 0x0000000000000000-0x000000000009fbff] usable
[    0.000000] BIOS-e820: [mem 0x000000000009fc00-0x000000000009ffff] reserved
[    0.000000] BIOS-e820: [mem 0x00000000000f0000-0x00000000000fffff] reserved
[    0.000000] BIOS-e820: [mem 0x0000000000100000-0x000000003ffeffff] usable
[    0.000000] BIOS-e820: [mem 0x000000003fff0000-0x000000003fffffff] ACPI data
[    0.000000] BIOS-e820: [mem 0x00000000fec00000-0x00000000fec00fff] reserved
[    0.000000] BIOS-e820: [mem 0x00000000fee00000-0x00000000fee00fff] reserved
[    0.000000] BIOS-e820: [mem 0x00000000fffc0000-0x00000000ffffffff] reserved
[    0.000000] NX (Execute Disable) protection: active
[    0.000000] SMBIOS 2.5 present.
[    0.000000] Hypervisor detected: KVM
[    0.000000] e820: last_pfn = 0x3fff0 max_arch_pfn = 0x400000000
[    0.000000] MTRR: Disabled
[    0.000000] x86/PAT: MTRRs disabled, skipping PAT initialization too.
[    0.000000] x86/PAT: Configuration [0-7]: WB  WT  UC- UC  WB  WT  UC- UC  
[    0.000000] CPU MTRRs all blank - virtualized system.
[    0.000000] found SMP MP-table at [mem 0x0009fff0-0x0009ffff] mapped at [ffff88000009fff0]
[    0.000000] Scanning 1 areas for low memory corruption
[    0.000000] RAMDISK: [mem 0x36aca000-0x3755cfff]
[    0.000000] ACPI: Early table checksum verification disabled
[    0.000000] ACPI: RSDP 0x00000000000E0000 000024 (v02 VBOX  )
[    0.000000] ACPI: XSDT 0x000000003FFF0030 00003C (v01 VBOX   VBOXXSDT 00000001 ASL  00000061)
[    0.000000] ACPI: FACP 0x000000003FFF00F0 0000F4 (v04 VBOX   VBOXFACP 00000001 ASL  00000061)
[    0.000000] ACPI: DSDT 0x000000003FFF0470 0021C8 (v02 VBOX   VBOXBIOS 00000002 INTL 20100528)
[    0.000000] ACPI: FACS 0x000000003FFF0200 000040
[    0.000000] ACPI: FACS 0x000000003FFF0200 000040
[    0.000000] ACPI: APIC 0x000000003FFF0240 00005C (v02 VBOX   VBOXAPIC 00000001 ASL  00000061)
[    0.000000] ACPI: SSDT 0x000000003FFF02A0 0001CC (v01 VBOX   VBOXCPUT 00000002 INTL 20100528)
[    0.000000] No NUMA configuration found
[    0.000000] Faking a node at [mem 0x0000000000000000-0x000000003ffeffff]
[    0.000000] NODE_DATA(0) allocated [mem 0x3ffeb000-0x3ffeffff]
[    0.000000] kvm-clock: Using msrs 4b564d01 and 4b564d00
[    0.000000] kvm-clock: cpu 0, msr 0:3ffe3001, primary cpu clock
[    0.000000] kvm-clock: using sched offset of 2943336870 cycles
[    0.000000] clocksource: kvm-clock: mask: 0xffffffffffffffff max_cycles: 0x1cd42e4dffb, max_idle_ns: 881590591483 ns
[    0.000000] Zone ranges:
[    0.000000]   DMA      [mem 0x0000000000001000-0x0000000000ffffff]
[    0.000000]   DMA32    [mem 0x0000000001000000-0x000000003ffeffff]
[    0.000000]   Normal   empty
[    0.000000]   Device   empty
[    0.000000] Movable zone start for each node
[    0.000000] Early memory node ranges
[    0.000000]   node   0: [mem 0x0000000000001000-0x000000000009efff]
[    0.000000]   node   0: [mem 0x0000000000100000-0x000000003ffeffff]
[    0.000000] Initmem setup node 0 [mem 0x0000000000001000-0x000000003ffeffff]
[    0.000000] ACPI: PM-Timer IO Port: 0x4008
[    0.000000] IOAPIC[0]: apic_id 2, version 32, address 0xfec00000, GSI 0-23
[    0.000000] ACPI: INT_SRC_OVR (bus 0 bus_irq 0 global_irq 2 dfl dfl)
[    0.000000] ACPI: INT_SRC_OVR (bus 0 bus_irq 9 global_irq 9 high level)
[    0.000000] Using ACPI (MADT) for SMP configuration information
[    0.000000] smpboot: Allowing 2 CPUs, 0 hotplug CPUs
[    0.000000] PM: Registered nosave memory: [mem 0x00000000-0x00000fff]
[    0.000000] PM: Registered nosave memory: [mem 0x0009f000-0x0009ffff]
[    0.000000] PM: Registered nosave memory: [mem 0x000a0000-0x000effff]
[    0.000000] PM: Registered nosave memory: [mem 0x000f0000-0x000fffff]
[    0.000000] e820: [mem 0x40000000-0xfebfffff] available for PCI devices
[    0.000000] Booting paravirtualized kernel on KVM
[    0.000000] clocksource: refined-jiffies: mask: 0xffffffff max_cycles: 0xffffffff, max_idle_ns: 7645519600211568 ns
[    0.000000] setup_percpu: NR_CPUS:512 nr_cpumask_bits:512 nr_cpu_ids:2 nr_node_ids:1
[    0.000000] PERCPU: Embedded 33 pages/cpu @ffff88003fc00000 s98264 r8192 d28712 u1048576
[    0.000000] PV qspinlock hash table entries: 256 (order: 0, 4096 bytes)
[    0.000000] Built 1 zonelists in Node order, mobility grouping on.  Total pages: 257913
[    0.000000] Policy zone: DMA32
[    0.000000] Kernel command line: BOOT_IMAGE=/boot/vmlinuz-4.4.0-77-generic root=LABEL=cloudimg-rootfs ro console=tty1 console=ttyS0
[    0.000000] PID hash table entries: 4096 (order: 3, 32768 bytes)
[    0.000000] Memory: 1001752K/1048120K available (8449K kernel code, 1294K rwdata, 3980K rodata, 1484K init, 1316K bss, 46368K reserved, 0K cma-reserved)
[    0.000000] SLUB: HWalign=64, Order=0-3, MinObjects=0, CPUs=2, Nodes=1
[    0.000000] Hierarchical RCU implementation.
[    0.000000] 	Build-time adjustment of leaf fanout to 64.
[    0.000000] 	RCU restricting CPUs from NR_CPUS=512 to nr_cpu_ids=2.
[    0.000000] RCU: Adjusting geometry for rcu_fanout_leaf=64, nr_cpu_ids=2
[    0.000000] NR_IRQS:33024 nr_irqs:440 16
[    0.000000] Console: colour VGA+ 80x25
[    0.000000] console [tty1] enabled
[    0.000000] console [ttyS0] enabled
[    0.000000] tsc: Detected 2294.688 MHz processor
[   12.517343] Calibrating delay loop (skipped) preset value.. 4589.37 BogoMIPS (lpj=9178752)
[   12.558662] pid_max: default: 32768 minimum: 301
[   12.604701] ACPI: Core revision 20150930
[   12.636418] ACPI: 2 ACPI AML tables successfully acquired and loaded
[   12.647712] Security Framework initialized
[   12.655650] Yama: becoming mindful.
[   12.699437] AppArmor: AppArmor initialized
[   12.747388] Dentry cache hash table entries: 131072 (order: 8, 1048576 bytes)
[   12.904779] Inode-cache hash table entries: 65536 (order: 7, 524288 bytes)
[   13.053137] Mount-cache hash table entries: 2048 (order: 2, 16384 bytes)
[   13.176566] Mountpoint-cache hash table entries: 2048 (order: 2, 16384 bytes)
[   13.340153] Initializing cgroup subsys io
[   13.439686] Initializing cgroup subsys memory
[   13.540162] Initializing cgroup subsys devices
[   13.612256] Initializing cgroup subsys freezer
[   13.652381] Initializing cgroup subsys net_cls
[   13.755752] Initializing cgroup subsys perf_event
[   13.869843] Initializing cgroup subsys net_prio
[   13.977420] Initializing cgroup subsys hugetlb
[   14.080663] Initializing cgroup subsys pids
[   14.177821] CPU: Physical Processor ID: 0
[   14.285994] CPU: Processor Core ID: 0
[   14.361877] mce: CPU supports 0 MCE banks
[   14.468126] Last level iTLB entries: 4KB 1024, 2MB 1024, 4MB 1024
[   14.611449] Last level dTLB entries: 4KB 1024, 2MB 1024, 4MB 1024, 1GB 4
[   14.726344] Freeing SMP alternatives memory: 32K (ffffffff820b8000 - ffffffff820c0000)
[   14.845881] ftrace: allocating 32117 entries in 126 pages
[   14.976591] smpboot: APIC(0) Converting physical 0 to logical package 0
[   15.127990] smpboot: Max logical packages: 1
[   15.242630] x2apic enabled
[   15.311685] Switched APIC routing to physical x2apic.
[   15.432382] ..TIMER: vector=0x30 apic1=0 pin1=2 apic2=-1 pin2=-1
[   15.683001] smpboot: CPU0: Intel(R) Core(TM) i7-4850HQ CPU @ 2.30GHz (family: 0x6, model: 0x46, stepping: 0x1)
[   15.858423] Performance Events: unsupported p6 CPU model 70 no PMU driver, software events only.
[   16.044555] KVM setup paravirtual spinlock
[   16.119672] x86: Booting SMP configuration:
[   16.220109] .... node  #0, CPUs:      #1
[   16.309773] kvm-clock: cpu 1, msr 0:3ffe3041, secondary cpu clock
[   16.426537] mce: CPU supports 0 MCE banks
[   16.429264] x86: Booted up 1 node, 2 CPUs
[   16.532829] smpboot: Total of 2 processors activated (9178.75 BogoMIPS)
[   16.721188] devtmpfs: initialized
[   16.802927] evm: security.selinux
[   16.890578] evm: security.SMACK64
[   16.923745] evm: security.SMACK64EXEC
[   16.951549] evm: security.SMACK64TRANSMUTE
[   17.042357] evm: security.SMACK64MMAP
[   17.113706] evm: security.ima
[   17.116375] evm: security.capability
[   17.117280] clocksource: jiffies: mask: 0xffffffff max_cycles: 0xffffffff, max_idle_ns: 7645041785100000 ns
[   17.242168] futex hash table entries: 512 (order: 3, 32768 bytes)
[   17.404242] pinctrl core: initialized pinctrl subsystem
[   17.541605] RTC time: 23:36:38, date: 05/14/17
[   17.664994] NET: Registered protocol family 16
[   17.779816] cpuidle: using governor ladder
[   17.871807] cpuidle: using governor menu
[   17.962808] PCCT header not found.
[   18.000753] ACPI: bus type PCI registered
[   18.038240] acpiphp: ACPI Hot Plug PCI Controller Driver version: 0.5
[   18.186545] PCI: Using configuration type 1 for base access
[   18.341307] ACPI: Added _OSI(Module Device)
[   18.456173] ACPI: Added _OSI(Processor Device)
[   18.554253] ACPI: Added _OSI(3.0 _SCP Extensions)
[   18.666942] ACPI: Added _OSI(Processor Aggregator Device)
[   18.718175] ACPI: Executed 1 blocks of module-level executable AML code
[   18.790177] ACPI: Interpreter enabled
[   18.847125] ACPI: (supports S0 S5)
[   18.924508] ACPI: Using IOAPIC for interrupt routing
[   19.035385] PCI: Using host bridge windows from ACPI; if necessary, use "pci=nocrs" and report a bug
[   19.176667] ACPI: PCI Root Bridge [PCI0] (domain 0000 [bus 00-ff])
[   19.312142] acpi PNP0A03:00: _OSC: OS supports [ASPM ClockPM Segments MSI]
[   19.488384] acpi PNP0A03:00: _OSC failed (AE_NOT_FOUND); disabling ASPM
[   19.662419] acpi PNP0A03:00: fail to add MMCONFIG information, can't access extended PCI configuration space under this bridge.
[   19.947246] PCI host bridge to bus 0000:00
[   20.050494] pci_bus 0000:00: root bus resource [io  0x0000-0x0cf7 window]
[   20.198074] pci_bus 0000:00: root bus resource [io  0x0d00-0xffff window]
[   20.302344] pci_bus 0000:00: root bus resource [mem 0x000a0000-0x000bffff window]
[   20.482070] pci_bus 0000:00: root bus resource [mem 0x40000000-0xffdfffff window]
[   20.677031] pci_bus 0000:00: root bus resource [bus 00-ff]
[   20.813425] pci 0000:00:01.1: legacy IDE quirk: reg 0x10: [io  0x01f0-0x01f7]
[   21.009318] pci 0000:00:01.1: legacy IDE quirk: reg 0x14: [io  0x03f6]
[   21.182480] pci 0000:00:01.1: legacy IDE quirk: reg 0x18: [io  0x0170-0x0177]
[   21.307415] pci 0000:00:01.1: legacy IDE quirk: reg 0x1c: [io  0x0376]
[   21.409170] pci 0000:00:07.0: quirk: [io  0x4000-0x403f] claimed by PIIX4 ACPI
[   21.608838] pci 0000:00:07.0: quirk: [io  0x4100-0x410f] claimed by PIIX4 SMB
[   21.788530] ACPI: PCI Interrupt Link [LNKA] (IRQs 5 9 10 *11)
[   21.918974] ACPI: PCI Interrupt Link [LNKB] (IRQs 5 9 10 *11)
[   22.058155] ACPI: PCI Interrupt Link [LNKC] (IRQs 5 9 *10 11)
[   22.196595] ACPI: PCI Interrupt Link [LNKD] (IRQs 5 *9 10 11)
[   22.331976] ACPI: Enabled 2 GPEs in block 00 to 07
[   22.401272] vgaarb: setting as boot device: PCI:0000:00:02.0
[   22.472413] vgaarb: device added: PCI:0000:00:02.0,decodes=io+mem,owns=io+mem,locks=none
[   22.672725] vgaarb: loaded
[   22.745740] vgaarb: bridge control possible 0000:00:02.0
[   22.876799] SCSI subsystem initialized
[   22.950743] ACPI: bus type USB registered
[   23.017545] usbcore: registered new interface driver usbfs
[   23.160093] usbcore: registered new interface driver hub
[   23.291566] usbcore: registered new device driver usb
[   23.418545] PCI: Using ACPI for IRQ routing
[   23.487982] NetLabel: Initializing
[   23.525175] NetLabel:  domain hash size = 128
[   23.609543] NetLabel:  protocols = UNLABELED CIPSOv4
[   23.739395] NetLabel:  unlabeled traffic allowed by default
[   23.862141] amd_nb: Cannot enumerate AMD northbridges
[   23.974653] clocksource: Switched to clocksource kvm-clock
[   24.098718] AppArmor: AppArmor Filesystem Enabled
[   24.228569] pnp: PnP ACPI init
[   24.304366] pnp: PnP ACPI: found 3 devices
[   24.422811] clocksource: acpi_pm: mask: 0xffffff max_cycles: 0xffffff, max_idle_ns: 2085701024 ns
[   24.640958] NET: Registered protocol family 2
[   24.750295] TCP established hash table entries: 8192 (order: 4, 65536 bytes)
[   24.961187] TCP bind hash table entries: 8192 (order: 5, 131072 bytes)
[   25.142949] TCP: Hash tables configured (established 8192 bind 8192)
[   25.289321] UDP hash table entries: 512 (order: 2, 16384 bytes)
[   25.451288] UDP-Lite hash table entries: 512 (order: 2, 16384 bytes)
[   25.629097] NET: Registered protocol family 1
[   25.723426] pci 0000:00:00.0: Limiting direct PCI/PCI transfers
[   25.853801] pci 0000:00:01.0: Activating ISA DMA hang workarounds
[   25.963839] Unpacking initramfs...
[   27.656559] Freeing initrd memory: 10828K (ffff880036aca000 - ffff88003755d000)
[   27.782951] platform rtc_cmos: registered platform RTC device (no PNP device found)
[   27.918777] Scanning for low memory corruption every 60 seconds
[   28.034634] audit: initializing netlink subsys (disabled)
[   28.140785] audit: type=2000 audit(1494804990.001:1): initialized
[   28.255131] Initialise system trusted keyring
[   28.337670] HugeTLB registered 2 MB page size, pre-allocated 0 pages
[   28.454594] zbud: loaded
[   28.493568] VFS: Disk quotas dquot_6.6.0
[   28.567912] VFS: Dquot-cache hash table entries: 512 (order 0, 4096 bytes)
[   28.729213] squashfs: version 4.0 (2009/01/31) Phillip Lougher
[   28.882104] tsc: Refined TSC clocksource calibration: 2293.211 MHz
[   29.033082] clocksource: tsc: mask: 0xffffffffffffffff max_cycles: 0x210e27adacd, max_idle_ns: 440795210664 ns
ÿ[   29.033430] fuse init (API version 7.23)
[   29.033547] Key type big_key registered
[   29.033563] Allocating IMA MOK and blacklist keyrings.
[   29.033788] Key type asymmetric registered
[   29.033795] Asymmetric key parser 'x509' registered
[   29.033825] Block layer SCSI generic (bsg) driver version 0.4 loaded (major 249)
[   29.033850] io scheduler noop registered
[   29.033852] io scheduler deadline registered (default)
[   29.033884] io scheduler cfq registered
[   29.033980] pci_hotplug: PCI Hot Plug PCI Core version: 0.5
[   29.033986] pciehp: PCI Express Hot Plug Controller Driver version: 0.4
[   29.034344] ACPI: AC Adapter [AC] (off-line)
[   29.034390] input: Power Button as /devices/LNXSYSTM:00/LNXPWRBN:00/input/input0
[   29.034393] ACPI: Power Button [PWRF]
[   29.034455] input: Sleep Button as /devices/LNXSYSTM:00/LNXSLPBN:00/input/input1
[   29.034457] ACPI: Sleep Button [SLPF]
[   29.034613] GHES: HEST is not enabled!
[   29.035749] ACPI: Battery Slot [BAT0] (battery present)
[   29.035801] Serial: 8250/16550 driver, 32 ports, IRQ sharing enabled
[   29.178332] 00:02: ttyS0 at I/O 0x3f8 (irq = 4, base_baud = 115200) is a 16550A
[   29.268955] Linux agpgart interface v0.103
[   29.416057] loop: module loaded
[   29.416506] scsi host0: ata_piix
[   29.416548] scsi host1: ata_piix
[   29.416571] ata1: PATA max UDMA/33 cmd 0x1f0 ctl 0x3f6 bmdma 0xd000 irq 14
[   29.416572] ata2: PATA max UDMA/33 cmd 0x170 ctl 0x376 bmdma 0xd008 irq 15
[   29.416628] libphy: Fixed MDIO Bus: probed
[   29.416630] tun: Universal TUN/TAP device driver, 1.6
[   29.416630] tun: (C) 1999-2004 Max Krasnyansky <maxk@qualcomm.com>
[   29.416885] PPP generic driver version 2.4.2
[   29.416938] ehci_hcd: USB 2.0 'Enhanced' Host Controller (EHCI) Driver
[   29.416941] ehci-pci: EHCI PCI platform driver
[   29.416952] ehci-platform: EHCI generic platform driver
[   29.416958] ohci_hcd: USB 1.1 'Open' Host Controller (OHCI) Driver
[   29.416962] ohci-pci: OHCI PCI platform driver
[   29.416968] ohci-platform: OHCI generic platform driver
[   29.416973] uhci_hcd: USB Universal Host Controller Interface driver
[   29.417016] i8042: PNP: PS/2 Controller [PNP0303:PS2K,PNP0f03:PS2M] at 0x60,0x64 irq 1,12
[   29.546094] serio: i8042 KBD port at 0x60,0x64 irq 1
[   29.546100] serio: i8042 AUX port at 0x60,0x64 irq 12
[   29.546214] mousedev: PS/2 mouse device common for all mice
[   29.546474] rtc_cmos rtc_cmos: rtc core: registered rtc_cmos as rtc0
[   29.546520] rtc_cmos rtc_cmos: alarms up to one day, 114 bytes nvram
[   29.546525] i2c /dev entries driver
[   29.546577] device-mapper: uevent: version 1.0.3
[   29.546620] device-mapper: ioctl: 4.34.0-ioctl (2015-10-28) initialised: dm-devel@redhat.com
[   29.546641] ledtrig-cpu: registered to indicate activity on CPUs
[   29.546941] NET: Registered protocol family 10
[   29.547065] NET: Registered protocol family 17
[   29.547074] Key type dns_resolver registered
[   29.666599] microcode: CPU0 sig=0x40661, pf=0x40, revision=0x0
[   29.666819] microcode: CPU1 sig=0x40661, pf=0x40, revision=0x0
[   29.666876] microcode: Microcode Update Driver: v2.01 <tigran@aivazian.fsnet.co.uk>, Peter Oruba
[   29.667005] registered taskstats version 1
[   29.667016] Loading compiled-in X.509 certificates
[   29.667555] Loaded X.509 cert 'Build time autogenerated kernel key: 60562572960efd370424d983abb028749c4780ed'
[   29.667574] zswap: loaded using pool lzo/zbud
[   29.668694] Key type trusted registered
[   29.670421] Key type encrypted registered
[   29.670425] AppArmor: AppArmor sha1 policy hashing enabled
[   29.670427] ima: No TPM chip found, activating TPM-bypass!
[   29.670442] evm: HMAC attrs: 0x1
[   29.670736]   Magic number: 1:69:656
[   29.823552] rtc_cmos rtc_cmos: setting system clock to 2017-05-14 23:36:50 UTC (1494805010)
[   29.823704] BIOS EDD facility v0.16 2004-Jun-25, 0 devices found
[   29.823704] EDD information not available.
[   30.289773] input: AT Translated Set 2 keyboard as /devices/platform/i8042/serio0/input/input2
[   36.024403] Freeing unused kernel memory: 1484K (ffffffff81f45000 - ffffffff820b8000)
[   36.303542] Write protecting the kernel read-only data: 14336k
[   36.412193] Freeing unused kernel memory: 1780K (ffff880001843000 - ffff880001a00000)
[   36.599252] Freeing unused kernel memory: 116K (ffff880001de3000 - ffff880001e00000)
Loading, please [   36.739842] random: systemd-udevd: uninitialized urandom read (16 bytes read, 4 bits of entropy available)
wait...
startin[   36.740541] random: udevadm: uninitialized urandom read (16 bytes read, 4 bits of entropy available)
g version 229
[   36.740571] random: udevadm: uninitialized urandom read (16 bytes read, 4 bits of entropy available)
[   36.740707] random: udevadm: uninitialized urandom read (16 bytes read, 4 bits of entropy available)
[   36.740749] random: udevadm: uninitialized urandom read (16 bytes read, 4 bits of entropy available)
[   36.740813] random: udevadm: uninitialized urandom read (16 bytes read, 4 bits of entropy available)
[   36.740970] random: udevadm: uninitialized urandom read (16 bytes read, 4 bits of entropy available)
[   36.741040] random: udevadm: uninitialized urandom read (16 bytes read, 4 bits of entropy available)
[   36.741078] random: udevadm: uninitialized urandom read (16 bytes read, 4 bits of entropy available)
[   36.741135] random: udevadm: uninitialized urandom read (16 bytes read, 4 bits of entropy available)
[   38.486811] e1000: Intel(R) PRO/1000 Network Driver - version 7.3.21-k8-NAPI
[   38.695376] e1000: Copyright (c) 1999-2006 Intel Corporation.
[   38.753246] Fusion MPT base driver 3.04.20
[   38.855426] Copyright (c) 1999-2008 LSI Corporation
[   38.928239] Fusion MPT SPI Host driver 3.04.20
[   38.994336] AVX version of gcm_enc/dec engaged.
[   39.003805] AES CTR mode by8 optimization enabled
[   39.292130] e1000 0000:00:03.0 eth0: (PCI:33MHz:32-bit) 02:59:88:db:12:16
[   39.439607] e1000 0000:00:03.0 eth0: Intel(R) PRO/1000 Network Connection
[   39.558454] e1000 0000:00:03.0 enp0s3: renamed from eth0
[   39.649211] mptbase: ioc0: Initiating bringup
[   39.740033] input: ImExPS/2 Generic Explorer Mouse as /devices/platform/i8042/serio1/input/input4
[   39.798938] ioc0: LSI53C1030 A0: Capabilities={Initiator}
[   39.960472] scsi host2: ioc0: LSI53C1030 A0, FwRev=00000000h, Ports=1, MaxQ=256, IRQ=20
[   40.071392] scsi 2:0:0:0: Direct-Access     VBOX     HARDDISK         1.0  PQ: 0 ANSI: 5
[   40.071399] scsi target2:0:0: Beginning Domain Validation
[   40.072980] scsi target2:0:0: Domain Validation skipping write tests
[   40.072981] scsi target2:0:0: Ending Domain Validation
[   40.073107] scsi target2:0:0: asynchronous
[   40.073767] scsi 2:0:1:0: Direct-Access     VBOX     HARDDISK         1.0  PQ: 0 ANSI: 5
[   40.073773] scsi target2:0:1: Beginning Domain Validation
[   40.075307] scsi target2:0:1: Domain Validation skipping write tests
[   40.075308] scsi target2:0:1: Ending Domain Validation
[   40.075360] scsi target2:0:1: asynchronous
[   41.111038] sd 2:0:0:0: Attached scsi generic sg0 type 0
[   41.164307] sd 2:0:0:0: [sda] 20971520 512-byte logical blocks: (10.7 GB/10.0 GiB)
[   41.257966] sd 2:0:1:0: [sdb] 20480 512-byte logical blocks: (10.5 MB/10.0 MiB)
[   41.258005] sd 2:0:1:0: Attached scsi generic sg1 type 0
[   41.258233] sd 2:0:0:0: [sda] Write Protect is off
[   41.258365] sd 2:0:0:0: [sda] Incomplete mode parameter data
[   41.258366] sd 2:0:0:0: [sda] Assuming drive cache: write through
[   41.380439]  sda: sda1
[   41.381223] sd 2:0:0:0: [sda] Attached SCSI disk
[   41.846144] floppy0: no floppy controllers found
[   41.851247] sd 2:0:1:0: [sdb] Write Protect is off
[   41.851439] sd 2:0:1:0: [sdb] Incomplete mode parameter data
[   41.851441] sd 2:0:1:0: [sdb] Assuming drive cache: write through
[   41.853656] sd 2:0:1:0: [sdb] Attached SCSI disk
Begin: Loading e[   43.411971] md: linear personality registered for level -1
ssential drivers[   43.527930] md: multipath personality registered for level -4
 ... [   43.617832] md: raid0 personality registered for level 0
[   43.664040] md: raid1 personality registered for level 1
[   43.798665] raid6: sse2x1   gen()  9636 MB/s
[   43.958887] raid6: sse2x1   xor()  7238 MB/s
[   44.102766] raid6: sse2x2   gen() 11731 MB/s
[   44.271106] raid6: sse2x2   xor()  8131 MB/s
[   44.410891] raid6: sse2x4   gen() 12435 MB/s
[   44.486718] raid6: sse2x4   xor()  7503 MB/s
[   44.534456] raid6: using algorithm sse2x4 gen() 12435 MB/s
[   44.597212] raid6: .... xor() 7503 MB/s, rmw enabled
[   44.712528] raid6: using ssse3x2 recovery algorithm
[   44.844968] xor: automatically using best checksumming function:
[   45.031034]    avx       : 23683.000 MB/sec
[   45.108630] async_tx: api initialized (async)
[   45.209590] md: raid6 personality registered for level 6
[   45.306343] md: raid5 personality registered for level 5
[   45.353927] md: raid4 personality registered for level 4
[   45.359323] md: raid10 personality registered for level 10
done.
Begin: Running /scripts/init-premount ... done.
Begin: Mounting root file system ... Begin: Running /scripts/local-top ... done.
Begin: Running /scripts/local-[   45.521955] Btrfs loaded
premount ... Scanning for Btrfs filesystems
done.
Warning: fsck not present, so sk[   45.557292] EXT4-fs (sda1): mounted filesystem with ordered data mode. Opts: (null)
ipping root file system
done.
Begin: Running /scripts/local-bottom ... done.
Begin: Running /scripts/init-bottom ... done.
[   45.701423] systemd[1]: systemd 229 running in system mode. (+PAM +AUDIT +SELINUX +IMA +APPARMOR +SMACK +SYSVINIT +UTMP +LIBCRYPTSETUP +GCRYPT +GNUTLS +ACL +XZ -LZ4 +SECCOMP +BLKID +ELFUTILS +KMOD -IDN)
[   45.870665] systemd[1]: Detected virtualization oracle.
[   45.901380] systemd[1]: Detected architecture x86-64.

Welcome to [1mUbuntu 16.04.2 LTS[0m!

[   45.943282] systemd[1]: Set hostname to <ubuntu>.
[   45.994193] systemd[1]: Initializing machine ID from random generator.
[   46.030080] systemd[1]: Installed transient /etc/machine-id file.
[   46.131289] systemd[1]: Listening on LVM2 poll daemon socket.
[[0;32m  OK  [0m] Listening on LVM2 poll daemon socket.
[   46.219054] systemd[1]: Started Forward Password Requests to Wall Directory Watch.
[[0;32m  OK  [0m] Started Forward Password Requests to Wall Directory Watch.
[   46.347429] systemd[1]: Created slice User and Session Slice.
[[0;32m  OK  [0m] Created slice User and Session Slice.
[   46.523038] systemd[1]: Listening on udev Kernel Socket.
[[0;32m  OK  [0m] Listening on udev Kernel Socket.
[   46.687289] systemd[1]: Created slice System Slice.
[[0;32m  OK  [0m] Created slice System Slice.
[   46.738741] systemd[1]: Reached target Slices.
[[0;32m  OK  [0m] Reached target Slices.
[   46.831077] systemd[1]: Listening on /dev/initctl Compatibility Named Pipe.
[[0;32m  OK  [0m] Listening on /dev/initctl Compatibility Named Pipe.
[   47.031096] systemd[1]: Reached target User and Group Name Lookups.
[[0;32m  OK  [0m] Reached target User and Group Name Lookups.
[   47.218260] systemd[1]: Reached target Swap.
[[0;32m  OK  [0m] Reached target Swap.
[   47.351160] systemd[1]: Listening on Journal Audit Socket.
[[0;32m  OK  [0m] Listening on Journal Audit Socket.
[   47.463428] systemd[1]: Listening on LVM2 metadata daemon socket.
[[0;32m  OK  [0m] Listening on LVM2 metadata daemon socket.
[   47.635241] systemd[1]: Listening on Device-mapper event daemon FIFOs.
[[0;32m  OK  [0m] Listening on Device-mapper event daemon FIFOs.
[   47.788048] systemd[1]: Created slice system-serial\x2dgetty.slice.
[[0;32m  OK  [0m] Created slice system-serial\x2dgetty.slice.
[   47.860880] systemd[1]: Set up automount Arbitrary Executable File Formats File System Automount Point.
[[0;32m  OK  [0m] Set up automount Arbitrary Executab...ats File System Automount Point.
[   48.026999] systemd[1]: Reached target Encrypted Volumes.
[[0;32m  OK  [0m] Reached target Encrypted Volumes.
[   48.175267] systemd[1]: Listening on Journal Socket (/dev/log).
[[0;32m  OK  [0m] Listening on Journal Socket (/dev/log).
[   48.375060] systemd[1]: Listening on Syslog Socket.
[[0;32m  OK  [0m] Listening on Syslog Socket.
[   48.650199] systemd[1]: Listening on Journal Socket.
[[0;32m  OK  [0m] Listening on Journal Socket.
[   48.879025] systemd[1]: Mounting Debug File System...
         Mounting Debug File System...
[   48.954925] systemd[1]: Starting Set console keymap...
         Starting Set console keymap...
[   49.115330] systemd[1]: Mounting POSIX Message Queue File System...
         Mounting POSIX Message Queue File System...
[   49.363153] systemd[1]: Starting Remount Root and Kernel File Systems...
[   49.366341] EXT4-fs (sda1): re-mounted. Opts: (null)
         Starting Remount Root and Kernel File Systems...
[   49.895573] systemd[1]: Starting Uncomplicated firewall...
[   49.896004] random: nonblocking pool is initialized
         Starting Uncomplicated firewall...
[   50.051286] systemd[1]: Starting Load Kernel Modules...
         Startin[   50.123355] Loading iSCSI transport class v2.0-870.
g Load Kernel Mo[   50.188602] iscsi: registered transport (tcp)
dules...
[   50.322921] systemd[1]: Starting Monitoring of LVM2 mirrors, snapshots etc. using dmeventd or progress polling...
[   50.580385] iscsi: registered transport (iser)
         Starting Monitoring of LVM2 mirrors... dmeventd or progress polling...
[   50.617647] systemd[1]: Starting Create list of required static device nodes for the current kernel...
         Starting Create list of required st... nodes for the current kernel...
[   50.770941] systemd[1]: Mounting Huge Pages File System...
         Mounting Huge Pages File System...
[   51.015036] systemd[1]: Starting Nameserver information manager...
         Starting Nameserver information manager...
[   51.155167] systemd[1]: Starting Journal Service...
         Starting Journal Service...
[   51.211302] systemd[1]: Started Trigger resolvconf update for networkd DNS.
[[0;32m  OK  [0m] Started Trigger resolvconf update for networkd DNS.
[   51.339000] systemd[1]: Listening on udev Control Socket.
[[0;32m  OK  [0m] Listening on udev Control Socket.
[   51.476294] systemd[1]: Mounted Huge Pages File System.
[[0;32m  OK  [0m] Mounted Huge Pages File System.
[   51.587091] systemd[1]: Mounted POSIX Message Queue File System.
[[0;32m  OK  [0m] Mounted POSIX Message Queue File System.
[   51.711133] systemd[1]: Mounted Debug File System.
[[0;32m  OK  [0m] Mounted Debug File System.
[   51.803154] systemd[1]: Started Journal Service.
[[0;32m  OK  [0m] Started Journal Service.
[[0;32m  OK  [0m] Started Set console keymap.
[[0;32m  OK  [0m] Started Remount Root and Kernel File Systems.
[[0;32m  OK  [0m] Started Uncomplicated firewall.
[[0;32m  OK  [0m] Started Load Kernel Modules.
[[0;32m  OK  [0m] Started Create list of required sta...ce nodes for the current kernel.
[[0;32m  OK  [0m] Started Nameserver information manager.
[[0;32m  OK  [0m] Started LVM2 metadata daemon.
         Starting Create Static Device Nodes in /dev...
         Starting Apply Kernel Variables...
         Mounting FUSE Control File System...
         Starting Load/Save Random Seed...
         Starting udev Coldplug all Devices...
         Starting Initial cloud-init job (pre-networking)...
         Starting Flush Journal to Persistent Storage...
[[0;32m  OK  [0m] Mounted FUSE Control File System.
[[0;32m  OK  [0m] Started Monitoring of LVM2 mirrors,...ng dmeventd or progress polling.
[[0;32m  OK  [0m] Started Create Static Device Nodes in /dev.
[[0;32m  OK  [0m] Started Apply Kernel Variables.
[[0;32m  OK  [0m] Started Load/Save Random Seed.
         Starting udev Kernel Device Manager...
[[0;32m  OK  [0m] Started Flush Journal to Persistent Storage.
[[0;32m  OK  [0m] Started udev Coldplug all Devices.
[[0;32m  OK  [0m] Started udev Kernel Device Manager.
[[0;32m  OK  [0m] Reached target Local File Systems (Pre).
[[0;32m  OK  [0m] Reached target Local File Systems.
         Starting Tell Plymouth To Write Out Runtime Data...
         Starting Set console font and keymap...
         Starting Commit a transient machine-id on disk...
         Starting LSB: AppArmor initialization...
[[0;32m  OK  [0m] Started Dispatch Password Requests to Console Directory Watch.
         Starting Create Volatile Files and Directories...
[[0;32m  OK  [0m] Started Tell Plymouth To Write Out Runtime Data.
[[0;32m  OK  [0m] Started Commit a transient machine-id on disk.
[[0;32m  OK  [0m] Started Create Volatile Files and Directories.
[[0;32m  OK  [0m] Found device /dev/ttyS0.
[   31.952135] cloud-init[455]: Cloud-init v. 0.7.9 running 'init-local' at Sun, 14 May 2017 23:37:14 +0000. Up 30.35 seconds.
[[0;32m  OK  [0m] Started Set console font and keymap.
[[0;32m  OK  [0m] Started LSB: AppArmor initialization.
[[0;32m  OK  [0m] Started Initial cloud-init job (pre-networking).
[[0;32m  OK  [0m] Listening on Load/Save RF Kill Switch Status /dev/rfkill Watch.
[[0;32m  OK  [0m] Reached target Network (Pre).
         Starting Raise network interfaces...
[[0;32m  OK  [0m] Created slice system-getty.slice.
         Starting Update UTMP about System Boot/Shutdown...
[[0;32m  OK  [0m] Reached target System Time Synchronized.
[[0;32m  OK  [0m] Started Update UTMP about System Boot/Shutdown.
[[0;32m  OK  [0m] Started Raise network interfaces.
         Starting Initial cloud-init job (metadata service crawler)...
[[0;32m  OK  [0m] Reached target Network.
[   33.999290] cloud-init[927]: Cloud-init v. 0.7.9 running 'init' at Sun, 14 May 2017 23:37:17 +0000. Up 33.60 seconds.
[   34.108360] cloud-init[927]: ci-info: +++++++++++++++++++++++++++++++++++++Net device info++++++++++++++++++++++++++++++++++++++
[   34.162363] cloud-init[927]: ci-info: +--------+------+----------------------------+---------------+-------+-------------------+
[[0;32m  OK  [0m] Started Initial cloud-init job (metadata service crawler).
[[   34.216980] cloud-init[927]: ci-info: | Device |  Up  |          Address           |      Mask     | Scope |     Hw-Address    |
[   34.270519] cloud-init[927]: ci-info: +--------+------+----------------------------+---------------+-------+-------------------+
[0;32m  OK  [0m] Reached target System Initialization.
[   34.270688] cloud-init[927]: ci-info: | enp0s3 | True |         10.0.2.15          | 255.255.255.0 |   .   | 02:59:88:db:12:16 |
[   34.432463] cloud-init[927]: ci-info: | enp0s3 | True | fe80::59:88ff:fedb:1216/64 |       .       |  link | 02:59:88:db:12:16 |
[   34.432833] cloud-init[927]: ci-info: |   lo   | True |         127.0.0.1          |   255.0.0.0   |   .   |         .         |
         Starting LXD - unix socket.
[   34.432984] cloud-init[927]: ci-info: |   lo   | True |          ::1/128           |       .       |  host |         .         |
[   34.708263] cloud-init[927]: ci-info: +--------+------+----------------------------+---------------+-------+-------------------+
[   34.708539] cloud-init[927]: ci-info: +++++++++++++++++++++++++++Route IPv4 info++++++++++++++++++++++++++++
         Starting Socket activation for snappy daemon.
[[   34.708787] cloud-init[927]: ci-info: +-------+-------------+----------+---------------+-----------+-------+
[   34.908853] cloud-init[927]: ci-info: | Route | Destination | Gateway  |    Genmask    | Interface | Flags |
[0;32m  OK  [0m] Listening on ACPID Listen Socket.
[[   34.908922] cloud-init[927]: ci-info: +-------+-------------+----------+---------------+-----------+-------+
[   35.068962] cloud-init[927]: ci-info: |   0   |   0.0.0.0   | 10.0.2.2 |    0.0.0.0    |   enp0s3  |   UG  |
[0;32m  OK  [0m] Listening on D-Bus System Message Bus Socket.
[   35.069156] cloud-init[927]: ci-info: |   1   |   10.0.2.0  | 0.0.0.0  | 255.255.255.0 |   enp0s3  |   U   |
[   35.312355] cloud-init[927]: ci-info: +-------+-------------+----------+---------------+-----------+-------+
[   35.312737] cloud-init[927]: Generating public/private rsa key pair.
[[0;32m  OK  [0m] Started Daily apt activities.
[   35.312957] cloud-init[927]: Your identification has been saved in /etc/ssh/ssh_host_rsa_key.
[   35.522534] cloud-init[927]: Your public key has been saved in /etc/ssh/ssh_host_rsa_key.pub.
[   35.522789] cloud-init[927]: The key fingerprint is:
[[0;32m  OK  [0m] Started ACPI Events Check.
[[   35.522920] cloud-init[927]: SHA256:GBfx02xIOGo1IrcGxrLgmSDCTFbDpak6YUnZbz8pGe8 root@ubuntu-xenial
[   35.624796] cloud-init[927]: The key's randomart image is:
[0;32m  OK  [0m] Reached target Paths.
[[   35.624927] cloud-init[927]: +---[RSA 2048]----+
[   35.736804] cloud-init[927]: |+oo+..  oo.      |
[0;32m  OK  [0m] Listening on UUID daemon activation socket.
[   35.736961] cloud-init[927]: |*o+.O o =+ +     |
[   35.836652] cloud-init[927]: |=+oB +.=.o+ +    |
[[0;32m  OK  [0m] Started Timer to automatically refresh installed snaps.
[[   35.836859] cloud-init[927]: |.++ . =+   o     |
[   35.848327] cloud-init[927]: |.+   *. S        |
[0;32m  OK  [0m] Started Daily Cleanup of Temporary Directories.
[[   35.848420] cloud-init[927]: |o.  . = .        |
[   35.937008] cloud-init[927]: |o    o =         |
[0;32m  OK  [0m] Reached target Timers.
[   35.937091] cloud-init[927]: | .    o .        |
[   36.032889] cloud-init[927]: |       E         |
[[0;32m  OK  [0m] Reached target Network is Online.
[   36.033072] cloud-init[927]: +----[SHA256]-----+
[   36.172398] cloud-init[927]: Generating public/private dsa key pair.
[   36.172653] cloud-init[927]: Your identification has been saved in /etc/ssh/ssh_host_dsa_key.
         Starting iSCSI initiator daemon (iscsid)...
[[   36.172765] cloud-init[927]: Your public key has been saved in /etc/ssh/ssh_host_dsa_key.pub.
[   36.309669] cloud-init[927]: The key fingerprint is:
[0;32m  OK  [0m] Reached target Cloud-config availability.
[   36.309794] cloud-init[927]: SHA256:rMzlTG/uBPi96OE94Wzs4OB64WJQZOCkFtgnp8r5iqs root@ubuntu-xenial
[   36.480253] cloud-init[927]: The key's randomart image is:
[   36.480514] cloud-init[927]: +---[DSA 1024]----+
[[0;32m  OK  [0m] Listening on LXD - unix socket.
[   36.480707] cloud-init[927]: |.oo.             |
[   36.592335] cloud-init[927]: |.++ =            |
[   36.592600] cloud-init[927]: |...B             |
[[0;32m  OK  [0m] Listening on Socket activation for snappy daemon.
[   36.592720] cloud-init[927]: |. . .  o         |
[   36.732308] cloud-init[927]: |....  . S        |
[   36.732770] cloud-init[927]: |.o.  o.B +.      |
[[0;32m  OK  [0m] Started iSCSI initiator daemon (iscsid).
[   36.733004] cloud-init[927]: |  .. .=.*+=.     |
         [   36.856563] Starting Login to default iSCSI targets...cloud-init
[927]: |.  .o.o+ O*.     |
[   36.925309] cloud-init[927]: |Eo...+..=+*.     |
[   36.925581] cloud-init[927]: +----[SHA256]-----+
[[0;32m  OK  [0m] Reached target Sockets.
[   36.925754] cloud-init[927]: Generating public/private ecdsa key pair.
[[0;32m  OK  [0m] Reached target Basic System.
[   37.008905] cloud-init[927]: Your identification has been saved in /etc/ssh/ssh_host_ecdsa_key.
[   37.116276] cloud-init[927]: Your public key has been saved in /etc/ssh/ssh_host_ecdsa_key.pub.
[   37.116583] cloud-init[927]: The key fingerprint is:
[[0;32m  OK  [0m] Started Regular background program processing daemon.
[   37.116794] cloud-init[927]: SHA256:B17U1RfHhIi0dxnXWRhZu/CfD9Irnq3thVTHDfRan80 root@ubuntu-xenial
[   37.296280] cloud-init[927]: The key's randomart image is:
[   37.296569] cloud-init[927]: +---[ECDSA 256]---+
         Starting LSB: Record successful boot for GRUB...
[   37.296725] cloud-init[927]: |         .oo +*@@|
         Starting Accounts Service...
[   37.415973] cloud-init[927]: |         ...o +OO|
[   37.472426] cloud-init[927]: |        . o ..o.O|
[   37.472919] cloud-init[927]: |       . o . .o=*|
[[0;32m  OK  [0m] Started FUSE filesystem for LXC.
[   37.473097] cloud-init[927]: |        S .   o+E|
[   37.584266]          cloud-initStarting Login Service...[927]: 
|         .   o .o|
[   37.624412] cloud-init[927]: |            . +.o|
[   37.624809] cloud-init[927]: |            .= +.|
[[0;32m  OK  [0m] Started Deferred execution scheduler.
[   37.624927] cloud-init[927]: |           .++= .|
[   37.776483] cloud-init[927]: +----[SHA256]-----+
[   37.776851] cloud-init[927]: Generating public/private ed25519 key pair.
         Starting /etc/rc.local Compatibility...
[   37.777064] cloud-init[927]: Your identification has been saved in /etc/ssh/ssh_host_ed25519_key.
[   37.920332] cloud-init[927]: Your public key has been saved in /etc/ssh/ssh_host_ed25519_key.pub.
[   37.920643] cloud-init[927]: The key fingerprint is:
[[0;32m  OK  [0m] Started D-Bus System Message Bus.
[   37.920786] cloud-init[927]: SHA256:oaoweBQjmMxE2J68C3usFAjpgLXFZmZ/z5IMC9/dgvE root@ubuntu-xenial
[   37.937697] cloud-init[927]: The key's randomart image is:
[   37.948585] cloud-init[927]: +--[ED25519 256]--+
[   37.996248] cloud-init[927]: |o+...            |
[   37.996558] cloud-init[927]: |B+.o*            |
[[0;32m  OK  [0m] Started ACPI event daemon.
[   37.996789] cloud-init[927]: |O=+* .  .        |
[   38.104494] cloud-init[927]: |=.+o. o.o.       |
[   38.104802] cloud-init[927]: |.o.. o.*SO .     |
         Starting Apply the settings specified in cloud-config...
[   38.104965] cloud-init[927]: |o.o  .o * E .    |
         Starting Pollinate to seed the pseudo random number generator...
[   38.218736] cloud-init[927]: |+=...    . .     |
[   38.308366] [cloud-init[0;32m  OK  [0m[927]: ] |o++.             |Started Snappy daemon.

[   38.308930] cloud-init[927]: |.o.              |
[   38.416541]          cloud-initStarting Auto import assertions from block devices...[927]: 
+----[SHA256]-----+
[[0;32m  OK  [0m] Started Unattended Upgrades Shutdown.
[   38.517963] cloud-init[1055]: Generating locales (this might take a while)...
         Starting System Logging Service...
         Starting LSB: MD monitoring daemon...
         Starting LXD - container startup/shutdown...
[[0;32m  OK  [0m] Started System Logging Service.
[[0;32m  OK  [0m] Started /etc/rc.local Compatibility.
[[0;32m  OK  [0m] Started Auto import assertions from block devices.
[[0;32m  OK  [0m] Started LXD - container startup/shutdown.
[[0;32m  OK  [0m] Started LSB: Record successful boot for GRUB.
[[0;32m  OK  [0m] Started Login to default iSCSI targets.
[[0;32m  OK  [0m] Started LSB: MD monitoring daemon.
[[0;32m  OK  [0m] Started Login Service.
         Starting Authenticate and Authorize Users to Run Privileged Tasks...
[[0;32m  OK  [0m] Reached target Remote File Systems (Pre).
[[0;32m  OK  [0m] Reached target Remote File Systems.
         Starting LSB: daemon to balance interrupts for SMP systems...
[   39.410430] cloud-init[1055]:   en_US.UTF-8... done
         [   39.444691] Starting LSB: Set the CPU Frequency Scaling governor to "ondemand"...cloud-init
[1055]: Generation complete.
         Starting Permit User Sessions...
         Starting LSB: VirtualBox Linux Additions...
         Starting LSB: automatic crash report generation...
[[0;32m  OK  [0m] Started Permit User Sessions.
[[0;32m  OK  [0m] Started Authenticate and Authorize Users to Run Privileged Tasks.
[[0;32m  OK  [0m] Started Accounts Service.
[[0;32m  OK  [0m] Started LSB: Set the CPU Frequency Scaling governor to "ondemand".
[[0;32m  OK  [0m] Started LSB: daemon to balance interrupts for SMP systems.
         Starting Hold until boot process finishes up...
         Starting Terminate Plymouth Boot Screen...
[[0;32m  OK  [0m] Started LSB: VirtualBox Linux Additions.
[[0;32m  OK  [0m] Started LSB: automatic crash report generation.
[[0;32m  OK  [0m] Started Hold until boot process finishes up.
[[0;32m  OK  [0m] Started Terminate Plymouth Boot Screen.
[[0;32m  OK  [0m] Stopped OpenBSD Secure Shell server.
         Starting OpenBSD Secure Shell server...
         Starting Set console scheme...
[[0;32m  OK  [0m] Started Serial Getty on ttyS0.
[[0;32m  OK  [0m] Started Getty on tty1.
[[0;32m  OK  [0m] Reached target Login Prompts.
[[0;32m  OK  [0m] Started OpenBSD Secure Shell server.
[[0;32m  OK  [0m] Started Set console scheme.
[[0;32m  OK  [0m] Created slice User Slice of ubuntu.
         Starting User Manager for UID 1000...
[[0;32m  OK  [0m] Started User Manager for UID 1000.
[[0;32m  OK  [0m] Started Session 1 of user ubuntu.
[   40.495832] cloud-init[1055]: Cloud-init v. 0.7.9 running 'modules:config' at Sun, 14 May 2017 23:37:22 +0000. Up 38.41 seconds.
[[0;32m  OK  [0m] Started Apply the settings specified in cloud-config.
[[0;32m  OK  [0m] Started Session 2 of user ubuntu.
[[0;32m  OK  [0m] Started Pollinate to seed the pseudo random number generator.
[[0;32m  OK  [0m] Reached target Multi-User System.
[[0;32m  OK  [0m] Reached target Graphical Interface.
         Starting Update UTMP about System Runlevel Changes...
         Starting Execute cloud user/final scripts...
[[0;32m  OK  [0m] Started Update UTMP about System Runlevel Changes.
[[0;32m  OK  [0m] Started Session 3 of user ubuntu.
ci-info: +++++Authorized keys from /home/ubuntu/.ssh/authorized_keys for user ubuntu++++++
ci-info: +---------+-------------------------------------------------+---------+---------+
ci-info: | Keytype |                Fingerprint (md5)                | Options | Comment |
ci-info: +---------+-------------------------------------------------+---------+---------+
ci-info: | ssh-rsa | 4c:3a:b1:ec:ae:22:74:3b:47:7f:10:0f:74:f3:c1:cb |    -    | vagrant |
ci-info: +---------+-------------------------------------------------+---------+---------+
<14>May 14 23:37:28 ec2: 
<14>May 14 23:37:28 ec2: #############################################################
<14>May 14 23:37:28 ec2: -----BEGIN SSH HOST KEY FINGERPRINTS-----
<14>May 14 23:37:28 ec2: 1024 SHA256:rMzlTG/uBPi96OE94Wzs4OB64WJQZOCkFtgnp8r5iqs root@ubuntu-xenial (DSA)
<14>May 14 23:37:28 ec2: 256 SHA256:B17U1RfHhIi0dxnXWRhZu/CfD9Irnq3thVTHDfRan80 root@ubuntu-xenial (ECDSA)
<14>May 14 23:37:28 ec2: 256 SHA256:oaoweBQjmMxE2J68C3usFAjpgLXFZmZ/z5IMC9/dgvE root@ubuntu-xenial (ED25519)
<14>May 14 23:37:28 ec2: 2048 SHA256:GBfx02xIOGo1IrcGxrLgmSDCTFbDpak6YUnZbz8pGe8 root@ubuntu-xenial (RSA)
<14>May 14 23:37:28 ec2: -----END SSH HOST KEY FINGERPRINTS-----
<14>May 14 23:37:28 ec2: #############################################################
-----BEGIN SSH HOST KEY KEYS-----
ecdsa-sha2-nistp256 AAAAE2VjZHNhLXNoYTItbmlzdHAyNTYAAAAIbmlzdHAyNTYAAABBBKaVQHV3OqxrMv2mqcBJ7oI6TQci7As5l2etsB2rxKrAPTiUa+371iUJkWcmQtuBoXNmcpyRLrZnWTq4DXVqu48= root@ubuntu-xenial
ssh-ed25519 AAAAC3NzaC1lZDI1NTE5AAAAID+WciQzbzJSiZa+5dyC4xm00/1Eoml181ojGNMouYpK root@ubuntu-xenial
ssh-rsa AAAAB3NzaC1yc2EAAAADAQABAAABAQDGEON9jKHmShgZWs/MtjMyg5+u2grAZLQJ2gx0ajgl7q9iZJM6m7+46J+fKLtK769JXtMT29fSZFYnFI2KkiSfv0dKrjzrWqHApBN+2oB14K13PsudGG8x1rkqwgXbvbo+RT+GtkDdU7rZeNzOr3qIKsAV+dtPDJQHmTxCfM23V9ZA/fljy7B4V1EkOXRNOhcgGccXBwJRWbnfe7r3gqBz3SKcIOJ434Zze+qLBNUtdzbi/awgz70IINCUx407aLZ6eic7QBqV/dfSjpM451b947SQ241dJSQfVhbNFwQHtgWIM4wPsxvGBUP8QAwWhKlt46QO8PbRhbnDT4xXb7pJ root@ubuntu-xenial
-----END SSH HOST KEY KEYS-----
[   45.600912] cloud-init[1545]: Cloud-init v. 0.7.9 running 'modules:final' at Sun, 14 May 2017 23:37:28 +0000. Up 44.17 seconds.
[   45.704397] cloud-init[1545]: Cloud-init v. 0.7.9 finished at Sun, 14 May 2017 23:37:29 +0000. Datasource DataSourceNoCloud [seed=/dev/sdb][dsmode=net].  Up 45.59 seconds

Ubuntu 16.04.2 LTS ubuntu-xenial ttyS0

ubuntu-xenial login: 